<?xml version="1.0" encoding="UTF-8"?>
<!-- Generated by org.testng.reporters.JUnitReportReporter -->
<testsuite hostname="Aruns-MacBook-Air.local" failures="0" tests="1" name="test.testngdemo" time="0.005" errors="0" timestamp="2024-02-10T15:58:48 IST" skipped="0">
  <testcase classname="test.testngdemo" name="demo1" time="0.005"/>
  <system-out/>
</testsuite> <!-- test.testngdemo -->
